c:\users\vip b\desktop\ds project\vaccine tracking system\vaccine tracking system\x64\debug\vc143.pdb
c:\users\vip b\desktop\ds project\vaccine tracking system\vaccine tracking system\x64\debug\vc143.idb
c:\users\vip b\desktop\ds project\vaccine tracking system\vaccine tracking system\x64\debug\vaccqueue.obj
c:\users\vip b\desktop\ds project\vaccine tracking system\vaccine tracking system\x64\debug\user.obj
c:\users\vip b\desktop\ds project\vaccine tracking system\vaccine tracking system\x64\debug\main.obj
c:\users\vip b\desktop\ds project\vaccine tracking system\vaccine tracking system\x64\debug\hashtable.obj
c:\users\vip b\desktop\ds project\vaccine tracking system\x64\debug\vaccine tracking system.exe
c:\users\vip b\desktop\ds project\vaccine tracking system\vaccine tracking system\x64\debug\vaccine tracking system.ilk
c:\users\vip b\desktop\ds project\vaccine tracking system\x64\debug\vaccine tracking system.pdb
c:\users\ehabe\desktop\finall\vaccine tracking system\vaccine tracking system\x64\debug\hashtable.obj
c:\users\ehabe\desktop\finall\vaccine tracking system\vaccine tracking system\x64\debug\main.obj
c:\users\ehabe\desktop\finall\vaccine tracking system\vaccine tracking system\x64\debug\user.obj
c:\users\ehabe\desktop\finall\vaccine tracking system\vaccine tracking system\x64\debug\vaccqueue.obj
c:\users\ehabe\desktop\finall\vaccine tracking system\vaccine tracking system\x64\debug\vaccine tracking system.ilk
c:\users\ehabe\desktop\finall\vaccine tracking system\vaccine tracking system\x64\debug\vc143.idb
c:\users\ehabe\desktop\finall\vaccine tracking system\vaccine tracking system\x64\debug\vc143.pdb
c:\users\ehabe\desktop\finall\vaccine tracking system\x64\debug\vaccine tracking system.pdb
c:\users\ehabe\desktop\finall\vaccine tracking system\x64\debug\vaccine tracking system.exe
c:\users\ehabe\desktop\finall\vaccine tracking system\vaccine tracking system\x64\debug\vaccine .62e233c4.tlog\cl.command.1.tlog
c:\users\ehabe\desktop\finall\vaccine tracking system\vaccine tracking system\x64\debug\vaccine .62e233c4.tlog\cl.read.1.tlog
c:\users\ehabe\desktop\finall\vaccine tracking system\vaccine tracking system\x64\debug\vaccine .62e233c4.tlog\cl.write.1.tlog
c:\users\ehabe\desktop\finall\vaccine tracking system\vaccine tracking system\x64\debug\vaccine .62e233c4.tlog\link.command.1.tlog
c:\users\ehabe\desktop\finall\vaccine tracking system\vaccine tracking system\x64\debug\vaccine .62e233c4.tlog\link.read.1.tlog
c:\users\ehabe\desktop\finall\vaccine tracking system\vaccine tracking system\x64\debug\vaccine .62e233c4.tlog\link.write.1.tlog
